2015-12-08 15:20:57,754 0      [           main] WARN  pl.SessionFactoryObjectFactory  - Could not bind factory to JNDI
javax.naming.NoInitialContextException: Need to specify class name in environment or system property, or as an applet parameter, or in an application resource file:  java.naming.factory.initial
	at javax.naming.spi.NamingManager.getInitialContext(Unknown Source)
	at javax.naming.InitialContext.getDefaultInitCtx(Unknown Source)
	at javax.naming.InitialContext.getURLOrDefaultInitCtx(Unknown Source)
	at javax.naming.InitialContext.getNameParser(Unknown Source)
	at org.hibernate.util.NamingHelper.bind(NamingHelper.java:75)
	at org.hibernate.impl.SessionFactoryObjectFactory.addInstance(SessionFactoryObjectFactory.java:113)
	at org.hibernate.impl.SessionFactoryImpl.<init>(SessionFactoryImpl.java:378)
	at org.hibernate.cfg.Configuration.buildSessionFactory(Configuration.java:1385)
	at org.hibernate.console.ConsoleConfiguration$5.execute(ConsoleConfiguration.java:278)
	at org.hibernate.console.execution.DefaultExecutionContext.execute(DefaultExecutionContext.java:63)
	at org.hibernate.console.ConsoleConfiguration.execute(ConsoleConfiguration.java:107)
	at org.hibernate.console.ConsoleConfiguration.buildSessionFactory(ConsoleConfiguration.java:273)
	at org.hibernate.eclipse.console.actions.ExecuteQueryAction.execute(ExecuteQueryAction.java:82)
	at org.hibernate.eclipse.console.actions.ExecuteQueryAction.run(ExecuteQueryAction.java:56)
	at org.eclipse.jface.action.Action.runWithEvent(Action.java:473)
	at org.hibernate.eclipse.console.actions.ExecuteQueryAction.runWithEvent(ExecuteQueryAction.java:60)
	at org.eclipse.jface.action.ActionContributionItem.handleWidgetSelection(ActionContributionItem.java:595)
	at org.eclipse.jface.action.ActionContributionItem.access$2(ActionContributionItem.java:511)
	at org.eclipse.jface.action.ActionContributionItem$6.handleEvent(ActionContributionItem.java:462)
	at org.eclipse.swt.widgets.EventTable.sendEvent(EventTable.java:84)
	at org.eclipse.swt.widgets.Display.sendEvent(Display.java:4362)
	at org.eclipse.swt.widgets.Widget.sendEvent(Widget.java:1113)
	at org.eclipse.swt.widgets.Display.runDeferredEvents(Display.java:4180)
	at org.eclipse.swt.widgets.Display.readAndDispatch(Display.java:3769)
	at org.eclipse.e4.ui.internal.workbench.swt.PartRenderingEngine$4.run(PartRenderingEngine.java:1127)
	at org.eclipse.core.databinding.observable.Realm.runWithDefault(Realm.java:337)
	at org.eclipse.e4.ui.internal.workbench.swt.PartRenderingEngine.run(PartRenderingEngine.java:1018)
	at org.eclipse.e4.ui.internal.workbench.E4Workbench.createAndRunUI(E4Workbench.java:156)
	at org.eclipse.ui.internal.Workbench$5.run(Workbench.java:654)
	at org.eclipse.core.databinding.observable.Realm.runWithDefault(Realm.java:337)
	at org.eclipse.ui.internal.Workbench.createAndRunWorkbench(Workbench.java:598)
	at org.eclipse.ui.PlatformUI.createAndRunWorkbench(PlatformUI.java:150)
	at org.eclipse.ui.internal.ide.application.IDEApplication.start(IDEApplication.java:139)
	at org.eclipse.equinox.internal.app.EclipseAppHandle.run(EclipseAppHandle.java:196)
	at org.eclipse.core.runtime.internal.adaptor.EclipseAppLauncher.runApplication(EclipseAppLauncher.java:134)
	at org.eclipse.core.runtime.internal.adaptor.EclipseAppLauncher.start(EclipseAppLauncher.java:104)
	at org.eclipse.core.runtime.adaptor.EclipseStarter.run(EclipseStarter.java:380)
	at org.eclipse.core.runtime.adaptor.EclipseStarter.run(EclipseStarter.java:235)
	at sun.reflect.NativeMethodAccessorImpl.invoke0(Native Method)
	at sun.reflect.NativeMethodAccessorImpl.invoke(Unknown Source)
	at sun.reflect.DelegatingMethodAccessorImpl.invoke(Unknown Source)
	at java.lang.reflect.Method.invoke(Unknown Source)
	at org.eclipse.equinox.launcher.Main.invokeFramework(Main.java:669)
	at org.eclipse.equinox.launcher.Main.basicRun(Main.java:608)
	at org.eclipse.equinox.launcher.Main.run(Main.java:1515)
	at org.eclipse.equinox.launcher.Main.main(Main.java:1488)
2015-12-08 15:20:57,848 94     [           main] WARN  pl.SessionFactoryObjectFactory  - Could not bind factory to JNDI
javax.naming.NoInitialContextException: Need to specify class name in environment or system property, or as an applet parameter, or in an application resource file:  java.naming.factory.initial
	at javax.naming.spi.NamingManager.getInitialContext(Unknown Source)
	at javax.naming.InitialContext.getDefaultInitCtx(Unknown Source)
	at javax.naming.InitialContext.getURLOrDefaultInitCtx(Unknown Source)
	at javax.naming.InitialContext.getNameParser(Unknown Source)
	at org.hibernate.util.NamingHelper.bind(NamingHelper.java:75)
	at org.hibernate.impl.SessionFactoryObjectFactory.addInstance(SessionFactoryObjectFactory.java:113)
	at org.hibernate.impl.SessionFactoryImpl.<init>(SessionFactoryImpl.java:378)
	at org.hibernate.cfg.Configuration.buildSessionFactory(Configuration.java:1385)
	at org.jboss.tools.hibernate3_5.HibernateExtension3_5$3.execute(HibernateExtension3_5.java:112)
	at org.hibernate.console.execution.DefaultExecutionContext.execute(DefaultExecutionContext.java:63)
	at org.jboss.tools.hibernate3_5.HibernateExtension3_5.execute(HibernateExtension3_5.java:199)
	at org.jboss.tools.hibernate3_5.HibernateExtension3_5.buildSessionFactory(HibernateExtension3_5.java:107)
	at org.hibernate.console.ConsoleConfiguration.buildSessionFactory(ConsoleConfiguration.java:283)
	at org.hibernate.eclipse.console.actions.ExecuteQueryAction.execute(ExecuteQueryAction.java:82)
	at org.hibernate.eclipse.console.actions.ExecuteQueryAction.run(ExecuteQueryAction.java:56)
	at org.eclipse.jface.action.Action.runWithEvent(Action.java:473)
	at org.hibernate.eclipse.console.actions.ExecuteQueryAction.runWithEvent(ExecuteQueryAction.java:60)
	at org.eclipse.jface.action.ActionContributionItem.handleWidgetSelection(ActionContributionItem.java:595)
	at org.eclipse.jface.action.ActionContributionItem.access$2(ActionContributionItem.java:511)
	at org.eclipse.jface.action.ActionContributionItem$6.handleEvent(ActionContributionItem.java:462)
	at org.eclipse.swt.widgets.EventTable.sendEvent(EventTable.java:84)
	at org.eclipse.swt.widgets.Display.sendEvent(Display.java:4362)
	at org.eclipse.swt.widgets.Widget.sendEvent(Widget.java:1113)
	at org.eclipse.swt.widgets.Display.runDeferredEvents(Display.java:4180)
	at org.eclipse.swt.widgets.Display.readAndDispatch(Display.java:3769)
	at org.eclipse.e4.ui.internal.workbench.swt.PartRenderingEngine$4.run(PartRenderingEngine.java:1127)
	at org.eclipse.core.databinding.observable.Realm.runWithDefault(Realm.java:337)
	at org.eclipse.e4.ui.internal.workbench.swt.PartRenderingEngine.run(PartRenderingEngine.java:1018)
	at org.eclipse.e4.ui.internal.workbench.E4Workbench.createAndRunUI(E4Workbench.java:156)
	at org.eclipse.ui.internal.Workbench$5.run(Workbench.java:654)
	at org.eclipse.core.databinding.observable.Realm.runWithDefault(Realm.java:337)
	at org.eclipse.ui.internal.Workbench.createAndRunWorkbench(Workbench.java:598)
	at org.eclipse.ui.PlatformUI.createAndRunWorkbench(PlatformUI.java:150)
	at org.eclipse.ui.internal.ide.application.IDEApplication.start(IDEApplication.java:139)
	at org.eclipse.equinox.internal.app.EclipseAppHandle.run(EclipseAppHandle.java:196)
	at org.eclipse.core.runtime.internal.adaptor.EclipseAppLauncher.runApplication(EclipseAppLauncher.java:134)
	at org.eclipse.core.runtime.internal.adaptor.EclipseAppLauncher.start(EclipseAppLauncher.java:104)
	at org.eclipse.core.runtime.adaptor.EclipseStarter.run(EclipseStarter.java:380)
	at org.eclipse.core.runtime.adaptor.EclipseStarter.run(EclipseStarter.java:235)
	at sun.reflect.NativeMethodAccessorImpl.invoke0(Native Method)
	at sun.reflect.NativeMethodAccessorImpl.invoke(Unknown Source)
	at sun.reflect.DelegatingMethodAccessorImpl.invoke(Unknown Source)
	at java.lang.reflect.Method.invoke(Unknown Source)
	at org.eclipse.equinox.launcher.Main.invokeFramework(Main.java:669)
	at org.eclipse.equinox.launcher.Main.basicRun(Main.java:608)
	at org.eclipse.equinox.launcher.Main.run(Main.java:1515)
	at org.eclipse.equinox.launcher.Main.main(Main.java:1488)
2015-12-08 15:26:43,740 345986 [   ModalContext] WARN  pl.SessionFactoryObjectFactory  - Could not unbind factory from JNDI
javax.naming.NoInitialContextException: Need to specify class name in environment or system property, or as an applet parameter, or in an application resource file:  java.naming.factory.initial
	at javax.naming.spi.NamingManager.getInitialContext(Unknown Source)
	at javax.naming.InitialContext.getDefaultInitCtx(Unknown Source)
	at javax.naming.InitialContext.getURLOrDefaultInitCtx(Unknown Source)
	at javax.naming.InitialContext.unbind(Unknown Source)
	at org.hibernate.impl.SessionFactoryObjectFactory.removeInstance(SessionFactoryObjectFactory.java:139)
	at org.hibernate.impl.SessionFactoryImpl.close(SessionFactoryImpl.java:981)
	at org.jboss.tools.hibernate3_5.HibernateExtension3_5.closeSessionFactory(HibernateExtension3_5.java:122)
	at org.jboss.tools.hibernate3_5.HibernateExtension3_5.reset(HibernateExtension3_5.java:214)
	at org.hibernate.console.ConsoleConfiguration.reset(ConsoleConfiguration.java:123)
	at org.hibernate.eclipse.console.HibernateConsolePlugin$2.launchConfigurationChanged(HibernateConsolePlugin.java:184)
	at org.eclipse.debug.internal.core.LaunchManager$ConfigurationNotifier.run(LaunchManager.java:229)
	at org.eclipse.core.runtime.SafeRunner.run(SafeRunner.java:42)
	at org.eclipse.debug.internal.core.LaunchManager$ConfigurationNotifier.notify(LaunchManager.java:209)
	at org.eclipse.debug.internal.core.LaunchManager.launchConfigurationChanged(LaunchManager.java:2166)
	at org.eclipse.debug.internal.core.LaunchConfigurationWorkingCopy.writeNewFile(LaunchConfigurationWorkingCopy.java:384)
	at org.eclipse.debug.internal.core.LaunchConfigurationWorkingCopy.doSave0(LaunchConfigurationWorkingCopy.java:250)
	at org.eclipse.debug.internal.core.LaunchConfigurationWorkingCopy.doSave(LaunchConfigurationWorkingCopy.java:220)
	at org.eclipse.debug.internal.core.LaunchConfigurationWorkingCopy.doSave(LaunchConfigurationWorkingCopy.java:173)
	at org.eclipse.jdt.internal.debug.core.refactoring.LaunchConfigurationProjectMainTypeChange.perform(LaunchConfigurationProjectMainTypeChange.java:161)
	at org.eclipse.ltk.core.refactoring.CompositeChange.perform(CompositeChange.java:278)
	at org.eclipse.ltk.core.refactoring.CompositeChange.perform(CompositeChange.java:278)
	at org.eclipse.ltk.core.refactoring.PerformChangeOperation$1.run(PerformChangeOperation.java:258)
	at org.eclipse.core.internal.resources.Workspace.run(Workspace.java:2241)
	at org.eclipse.ltk.core.refactoring.PerformChangeOperation.executeChange(PerformChangeOperation.java:306)
	at org.eclipse.ltk.internal.ui.refactoring.UIPerformChangeOperation.executeChange(UIPerformChangeOperation.java:92)
	at org.eclipse.ltk.core.refactoring.PerformChangeOperation.run(PerformChangeOperation.java:218)
	at org.eclipse.core.internal.resources.Workspace.run(Workspace.java:2241)
	at org.eclipse.ltk.internal.ui.refactoring.WorkbenchRunnableAdapter.run(WorkbenchRunnableAdapter.java:87)
	at org.eclipse.jface.operation.ModalContext$ModalContextThread.run(ModalContext.java:119)
2015-12-08 15:26:43,794 346040 [   ModalContext] WARN  pl.SessionFactoryObjectFactory  - Could not unbind factory from JNDI
javax.naming.NoInitialContextException: Need to specify class name in environment or system property, or as an applet parameter, or in an application resource file:  java.naming.factory.initial
	at javax.naming.spi.NamingManager.getInitialContext(Unknown Source)
	at javax.naming.InitialContext.getDefaultInitCtx(Unknown Source)
	at javax.naming.InitialContext.getURLOrDefaultInitCtx(Unknown Source)
	at javax.naming.InitialContext.unbind(Unknown Source)
	at org.hibernate.impl.SessionFactoryObjectFactory.removeInstance(SessionFactoryObjectFactory.java:139)
	at org.hibernate.impl.SessionFactoryImpl.close(SessionFactoryImpl.java:981)
	at org.hibernate.console.ConsoleConfiguration.closeSessionFactory(ConsoleConfiguration.java:417)
	at org.hibernate.console.ConsoleConfiguration.reset(ConsoleConfiguration.java:130)
	at org.hibernate.eclipse.console.HibernateConsolePlugin$2.launchConfigurationChanged(HibernateConsolePlugin.java:184)
	at org.eclipse.debug.internal.core.LaunchManager$ConfigurationNotifier.run(LaunchManager.java:229)
	at org.eclipse.core.runtime.SafeRunner.run(SafeRunner.java:42)
	at org.eclipse.debug.internal.core.LaunchManager$ConfigurationNotifier.notify(LaunchManager.java:209)
	at org.eclipse.debug.internal.core.LaunchManager.launchConfigurationChanged(LaunchManager.java:2166)
	at org.eclipse.debug.internal.core.LaunchConfigurationWorkingCopy.writeNewFile(LaunchConfigurationWorkingCopy.java:384)
	at org.eclipse.debug.internal.core.LaunchConfigurationWorkingCopy.doSave0(LaunchConfigurationWorkingCopy.java:250)
	at org.eclipse.debug.internal.core.LaunchConfigurationWorkingCopy.doSave(LaunchConfigurationWorkingCopy.java:220)
	at org.eclipse.debug.internal.core.LaunchConfigurationWorkingCopy.doSave(LaunchConfigurationWorkingCopy.java:173)
	at org.eclipse.jdt.internal.debug.core.refactoring.LaunchConfigurationProjectMainTypeChange.perform(LaunchConfigurationProjectMainTypeChange.java:161)
	at org.eclipse.ltk.core.refactoring.CompositeChange.perform(CompositeChange.java:278)
	at org.eclipse.ltk.core.refactoring.CompositeChange.perform(CompositeChange.java:278)
	at org.eclipse.ltk.core.refactoring.PerformChangeOperation$1.run(PerformChangeOperation.java:258)
	at org.eclipse.core.internal.resources.Workspace.run(Workspace.java:2241)
	at org.eclipse.ltk.core.refactoring.PerformChangeOperation.executeChange(PerformChangeOperation.java:306)
	at org.eclipse.ltk.internal.ui.refactoring.UIPerformChangeOperation.executeChange(UIPerformChangeOperation.java:92)
	at org.eclipse.ltk.core.refactoring.PerformChangeOperation.run(PerformChangeOperation.java:218)
	at org.eclipse.core.internal.resources.Workspace.run(Workspace.java:2241)
	at org.eclipse.ltk.internal.ui.refactoring.WorkbenchRunnableAdapter.run(WorkbenchRunnableAdapter.java:87)
	at org.eclipse.jface.operation.ModalContext$ModalContextThread.run(ModalContext.java:119)
2015-12-08 17:02:03,585 6065831 [           main] WARN  pl.SessionFactoryObjectFactory  - Could not bind factory to JNDI
javax.naming.NoInitialContextException: Need to specify class name in environment or system property, or as an applet parameter, or in an application resource file:  java.naming.factory.initial
	at javax.naming.spi.NamingManager.getInitialContext(Unknown Source)
	at javax.naming.InitialContext.getDefaultInitCtx(Unknown Source)
	at javax.naming.InitialContext.getURLOrDefaultInitCtx(Unknown Source)
	at javax.naming.InitialContext.getNameParser(Unknown Source)
	at org.hibernate.util.NamingHelper.bind(NamingHelper.java:75)
	at org.hibernate.impl.SessionFactoryObjectFactory.addInstance(SessionFactoryObjectFactory.java:113)
	at org.hibernate.impl.SessionFactoryImpl.<init>(SessionFactoryImpl.java:378)
	at org.hibernate.cfg.Configuration.buildSessionFactory(Configuration.java:1385)
	at org.hibernate.console.ConsoleConfiguration$5.execute(ConsoleConfiguration.java:278)
	at org.hibernate.console.execution.DefaultExecutionContext.execute(DefaultExecutionContext.java:63)
	at org.hibernate.console.ConsoleConfiguration.execute(ConsoleConfiguration.java:107)
	at org.hibernate.console.ConsoleConfiguration.buildSessionFactory(ConsoleConfiguration.java:273)
	at org.hibernate.eclipse.console.actions.ExecuteQueryAction.execute(ExecuteQueryAction.java:82)
	at org.hibernate.eclipse.console.actions.ExecuteQueryAction.run(ExecuteQueryAction.java:56)
	at org.eclipse.jface.action.Action.runWithEvent(Action.java:473)
	at org.hibernate.eclipse.console.actions.ExecuteQueryAction.runWithEvent(ExecuteQueryAction.java:60)
	at org.eclipse.jface.action.ActionContributionItem.handleWidgetSelection(ActionContributionItem.java:595)
	at org.eclipse.jface.action.ActionContributionItem.access$2(ActionContributionItem.java:511)
	at org.eclipse.jface.action.ActionContributionItem$6.handleEvent(ActionContributionItem.java:462)
	at org.eclipse.swt.widgets.EventTable.sendEvent(EventTable.java:84)
	at org.eclipse.swt.widgets.Display.sendEvent(Display.java:4362)
	at org.eclipse.swt.widgets.Widget.sendEvent(Widget.java:1113)
	at org.eclipse.swt.widgets.Display.runDeferredEvents(Display.java:4180)
	at org.eclipse.swt.widgets.Display.readAndDispatch(Display.java:3769)
	at org.eclipse.e4.ui.internal.workbench.swt.PartRenderingEngine$4.run(PartRenderingEngine.java:1127)
	at org.eclipse.core.databinding.observable.Realm.runWithDefault(Realm.java:337)
	at org.eclipse.e4.ui.internal.workbench.swt.PartRenderingEngine.run(PartRenderingEngine.java:1018)
	at org.eclipse.e4.ui.internal.workbench.E4Workbench.createAndRunUI(E4Workbench.java:156)
	at org.eclipse.ui.internal.Workbench$5.run(Workbench.java:654)
	at org.eclipse.core.databinding.observable.Realm.runWithDefault(Realm.java:337)
	at org.eclipse.ui.internal.Workbench.createAndRunWorkbench(Workbench.java:598)
	at org.eclipse.ui.PlatformUI.createAndRunWorkbench(PlatformUI.java:150)
	at org.eclipse.ui.internal.ide.application.IDEApplication.start(IDEApplication.java:139)
	at org.eclipse.equinox.internal.app.EclipseAppHandle.run(EclipseAppHandle.java:196)
	at org.eclipse.core.runtime.internal.adaptor.EclipseAppLauncher.runApplication(EclipseAppLauncher.java:134)
	at org.eclipse.core.runtime.internal.adaptor.EclipseAppLauncher.start(EclipseAppLauncher.java:104)
	at org.eclipse.core.runtime.adaptor.EclipseStarter.run(EclipseStarter.java:380)
	at org.eclipse.core.runtime.adaptor.EclipseStarter.run(EclipseStarter.java:235)
	at sun.reflect.NativeMethodAccessorImpl.invoke0(Native Method)
	at sun.reflect.NativeMethodAccessorImpl.invoke(Unknown Source)
	at sun.reflect.DelegatingMethodAccessorImpl.invoke(Unknown Source)
	at java.lang.reflect.Method.invoke(Unknown Source)
	at org.eclipse.equinox.launcher.Main.invokeFramework(Main.java:669)
	at org.eclipse.equinox.launcher.Main.basicRun(Main.java:608)
	at org.eclipse.equinox.launcher.Main.run(Main.java:1515)
	at org.eclipse.equinox.launcher.Main.main(Main.java:1488)
2015-12-08 17:02:03,622 6065868 [           main] WARN  pl.SessionFactoryObjectFactory  - Could not bind factory to JNDI
javax.naming.NoInitialContextException: Need to specify class name in environment or system property, or as an applet parameter, or in an application resource file:  java.naming.factory.initial
	at javax.naming.spi.NamingManager.getInitialContext(Unknown Source)
	at javax.naming.InitialContext.getDefaultInitCtx(Unknown Source)
	at javax.naming.InitialContext.getURLOrDefaultInitCtx(Unknown Source)
	at javax.naming.InitialContext.getNameParser(Unknown Source)
	at org.hibernate.util.NamingHelper.bind(NamingHelper.java:75)
	at org.hibernate.impl.SessionFactoryObjectFactory.addInstance(SessionFactoryObjectFactory.java:113)
	at org.hibernate.impl.SessionFactoryImpl.<init>(SessionFactoryImpl.java:378)
	at org.hibernate.cfg.Configuration.buildSessionFactory(Configuration.java:1385)
	at org.jboss.tools.hibernate3_5.HibernateExtension3_5$3.execute(HibernateExtension3_5.java:112)
	at org.hibernate.console.execution.DefaultExecutionContext.execute(DefaultExecutionContext.java:63)
	at org.jboss.tools.hibernate3_5.HibernateExtension3_5.execute(HibernateExtension3_5.java:199)
	at org.jboss.tools.hibernate3_5.HibernateExtension3_5.buildSessionFactory(HibernateExtension3_5.java:107)
	at org.hibernate.console.ConsoleConfiguration.buildSessionFactory(ConsoleConfiguration.java:283)
	at org.hibernate.eclipse.console.actions.ExecuteQueryAction.execute(ExecuteQueryAction.java:82)
	at org.hibernate.eclipse.console.actions.ExecuteQueryAction.run(ExecuteQueryAction.java:56)
	at org.eclipse.jface.action.Action.runWithEvent(Action.java:473)
	at org.hibernate.eclipse.console.actions.ExecuteQueryAction.runWithEvent(ExecuteQueryAction.java:60)
	at org.eclipse.jface.action.ActionContributionItem.handleWidgetSelection(ActionContributionItem.java:595)
	at org.eclipse.jface.action.ActionContributionItem.access$2(ActionContributionItem.java:511)
	at org.eclipse.jface.action.ActionContributionItem$6.handleEvent(ActionContributionItem.java:462)
	at org.eclipse.swt.widgets.EventTable.sendEvent(EventTable.java:84)
	at org.eclipse.swt.widgets.Display.sendEvent(Display.java:4362)
	at org.eclipse.swt.widgets.Widget.sendEvent(Widget.java:1113)
	at org.eclipse.swt.widgets.Display.runDeferredEvents(Display.java:4180)
	at org.eclipse.swt.widgets.Display.readAndDispatch(Display.java:3769)
	at org.eclipse.e4.ui.internal.workbench.swt.PartRenderingEngine$4.run(PartRenderingEngine.java:1127)
	at org.eclipse.core.databinding.observable.Realm.runWithDefault(Realm.java:337)
	at org.eclipse.e4.ui.internal.workbench.swt.PartRenderingEngine.run(PartRenderingEngine.java:1018)
	at org.eclipse.e4.ui.internal.workbench.E4Workbench.createAndRunUI(E4Workbench.java:156)
	at org.eclipse.ui.internal.Workbench$5.run(Workbench.java:654)
	at org.eclipse.core.databinding.observable.Realm.runWithDefault(Realm.java:337)
	at org.eclipse.ui.internal.Workbench.createAndRunWorkbench(Workbench.java:598)
	at org.eclipse.ui.PlatformUI.createAndRunWorkbench(PlatformUI.java:150)
	at org.eclipse.ui.internal.ide.application.IDEApplication.start(IDEApplication.java:139)
	at org.eclipse.equinox.internal.app.EclipseAppHandle.run(EclipseAppHandle.java:196)
	at org.eclipse.core.runtime.internal.adaptor.EclipseAppLauncher.runApplication(EclipseAppLauncher.java:134)
	at org.eclipse.core.runtime.internal.adaptor.EclipseAppLauncher.start(EclipseAppLauncher.java:104)
	at org.eclipse.core.runtime.adaptor.EclipseStarter.run(EclipseStarter.java:380)
	at org.eclipse.core.runtime.adaptor.EclipseStarter.run(EclipseStarter.java:235)
	at sun.reflect.NativeMethodAccessorImpl.invoke0(Native Method)
	at sun.reflect.NativeMethodAccessorImpl.invoke(Unknown Source)
	at sun.reflect.DelegatingMethodAccessorImpl.invoke(Unknown Source)
	at java.lang.reflect.Method.invoke(Unknown Source)
	at org.eclipse.equinox.launcher.Main.invokeFramework(Main.java:669)
	at org.eclipse.equinox.launcher.Main.basicRun(Main.java:608)
	at org.eclipse.equinox.launcher.Main.run(Main.java:1515)
	at org.eclipse.equinox.launcher.Main.main(Main.java:1488)
